<?xml version="1.0" encoding="UTF-8"?>
<testng-results skipped="0" failed="0" ignored="0" total="1" passed="1">
  <reporter-output>
  </reporter-output>
  <suite name="Default suite" duration-ms="11892" started-at="2020-07-03T23:39:17Z" finished-at="2020-07-03T23:39:29Z">
    <groups>
    </groups>
    <test name="Default test" duration-ms="11892" started-at="2020-07-03T23:39:17Z" finished-at="2020-07-03T23:39:29Z">
      <class name="TestCases.LogintoFB">
        <test-method status="PASS" signature="reunBeforeEverything()[pri:0, instance:TestCases.LogintoFB@4567f35d]" name="reunBeforeEverything" is-config="true" duration-ms="175" started-at="2020-07-03T23:39:17Z" finished-at="2020-07-03T23:39:17Z">
          <reporter-output>
          </reporter-output>
        </test-method> <!-- reunBeforeEverything -->
        <test-method status="PASS" signature="initializeBrowser()[pri:0, instance:TestCases.LogintoFB@4567f35d]" name="initializeBrowser" is-config="true" duration-ms="6084" started-at="2020-07-03T23:39:17Z" finished-at="2020-07-03T23:39:23Z">
          <reporter-output>
          </reporter-output>
        </test-method> <!-- initializeBrowser -->
        <test-method status="PASS" signature="runBeforeTest(java.lang.reflect.Method)[pri:0, instance:TestCases.LogintoFB@4567f35d]" name="runBeforeTest" is-config="true" duration-ms="5" started-at="2020-07-03T23:39:23Z" finished-at="2020-07-03T23:39:23Z">
          <params>
            <param index="0">
              <value>
                <![CDATA[public void TestCases.LogintoFB.LoginFaceBook(java.lang.String,java.lang.String,java.lang.String) throws java.lang.InterruptedException]]>
              </value>
            </param>
          </params>
          <reporter-output>
          </reporter-output>
        </test-method> <!-- runBeforeTest -->
        <test-method status="PASS" signature="LoginFaceBook(java.lang.String, java.lang.String, java.lang.String)[pri:0, instance:TestCases.LogintoFB@4567f35d]" name="LoginFaceBook" duration-ms="2747" started-at="2020-07-03T23:39:23Z" data-provider="FBLogin" finished-at="2020-07-03T23:39:26Z">
          <params>
            <param index="0">
              <value>
                <![CDATA[Y]]>
              </value>
            </param>
            <param index="1">
              <value>
                <![CDATA[jpreddy911@gmail.com]]>
              </value>
            </param>
            <param index="2">
              <value>
                <![CDATA[Kala@1234]]>
              </value>
            </param>
          </params>
          <reporter-output>
          </reporter-output>
        </test-method> <!-- LoginFaceBook -->
        <test-method status="PASS" signature="runAfterTest(org.testng.ITestResult)[pri:0, instance:TestCases.LogintoFB@4567f35d]" name="runAfterTest" is-config="true" duration-ms="1893" started-at="2020-07-03T23:39:26Z" finished-at="2020-07-03T23:39:28Z">
          <params>
            <param index="0">
              <value>
                <![CDATA[[TestResult name=LoginFaceBook status=SUCCESS method=LogintoFB.LoginFaceBook(java.lang.String, java.lang.String, java.lang.String)[pri:0, instance:TestCases.LogintoFB@4567f35d] output={null}]]]>
              </value>
            </param>
          </params>
          <reporter-output>
          </reporter-output>
        </test-method> <!-- runAfterTest -->
        <test-method status="PASS" signature="afterClass()[pri:0, instance:TestCases.LogintoFB@4567f35d]" name="afterClass" is-config="true" duration-ms="1096" started-at="2020-07-03T23:39:28Z" finished-at="2020-07-03T23:39:29Z">
          <reporter-output>
          </reporter-output>
        </test-method> <!-- afterClass -->
        <test-method status="PASS" signature="tearDown()[pri:0, instance:TestCases.LogintoFB@4567f35d]" name="tearDown" is-config="true" duration-ms="352" started-at="2020-07-03T23:39:29Z" finished-at="2020-07-03T23:39:29Z">
          <reporter-output>
          </reporter-output>
        </test-method> <!-- tearDown -->
      </class> <!-- TestCases.LogintoFB -->
    </test> <!-- Default test -->
  </suite> <!-- Default suite -->
</testng-results>
