<?xml version="1.0" encoding="UTF-8"?>
<!-- Generated by org.testng.reporters.JUnitXMLReporter -->
<testsuite hostname="Lenovo-PC" ignored="0" name="Test" tests="2" failures="1" timestamp="03 Jul 2020 06:05:57 GMT" time="11.442" errors="0">
  <testcase name="LoginFaceBook" time="2.993" classname="TestCases.LogintoFB"/>
  <testcase name="LoginFaceBook" time="3.073" classname="TestCases.LogintoFB">
    <failure type="java.lang.NullPointerException">
      <![CDATA[java.lang.NullPointerException
at Reporting_Utils.Listeners.onTestSuccess(Listeners.java:50)
... Removed 22 stack frames]]>
    </failure>
  </testcase> <!-- LoginFaceBook -->
</testsuite> <!-- Test -->
